<?xml version="1.0" encoding="UTF-8"?>
<!-- Generated by org.testng.reporters.JUnitReportReporter -->
<testsuite hostname="DESKTOP-Q4C4NUA" failures="0" tests="5" name="workonunittesttool.workingwithmultipletestdada" time="69.700" errors="0" timestamp="2024-04-14T22:36:23 GMT-07:00" skipped="0">
  <testcase classname="workonunittesttool.workingwithmultipletestdada" name="registerUser" time="12.952"/>
  <system-out/>
  <testcase classname="workonunittesttool.workingwithmultipletestdada" name="registerUser" time="13.541"/>
  <system-out/>
  <testcase classname="workonunittesttool.workingwithmultipletestdada" name="registerUser" time="12.730"/>
  <system-out/>
  <testcase classname="workonunittesttool.workingwithmultipletestdada" name="registerUser" time="12.704"/>
  <system-out/>
  <testcase classname="workonunittesttool.workingwithmultipletestdada" name="registerUser" time="17.773"/>
  <system-out/>
</testsuite> <!-- workonunittesttool.workingwithmultipletestdada -->
