<?xml version="1.0" encoding="UTF-8"?>
<!-- Generated by org.testng.reporters.JUnitReportReporter -->
<testsuite hostname="DESKTOP-Q4C4NUA" failures="0" tests="1" name="workingwithpom.p1" time="8.959" errors="0" timestamp="2024-04-16T00:29:07 GMT-07:00" skipped="0">
  <testcase classname="workingwithpom.p1" name="click" time="8.959"/>
  <system-out/>
</testsuite> <!-- workingwithpom.p1 -->
