<?xml version="1.0" encoding="UTF-8"?>
<!-- Generated by org.testng.reporters.JUnitReportReporter -->
<testsuite hostname="DESKTOP-Q4C4NUA" failures="0" tests="1" name="testscript.tolanch_flipkart" time="9.744" errors="0" timestamp="2024-04-08T01:06:54 GMT-07:00" skipped="0">
  <testcase classname="testscript.tolanch_flipkart" name="flipkart" time="9.744"/>
  <system-out/>
</testsuite> <!-- testscript.tolanch_flipkart -->
