<?xml version="1.0" encoding="UTF-8"?>
<!-- Generated by org.testng.reporters.JUnitReportReporter -->
<testsuite hostname="DESKTOP-Q4C4NUA" failures="0" tests="1" name="workingwithpom.pomlognimple" time="3.428" errors="0" timestamp="2024-04-15T23:18:22 GMT-07:00" skipped="0">
  <testcase classname="workingwithpom.pomlognimple" name="implemet" time="3.428"/>
  <system-out/>
</testsuite> <!-- workingwithpom.pomlognimple -->
