<?xml version="1.0" encoding="UTF-8"?>
<!-- Generated by org.testng.reporters.JUnitReportReporter -->
<testsuite hostname="DESKTOP-Q4C4NUA" failures="0" tests="2" name="workonunittesttool.worksoninvcationandtimepool" time="11.468" errors="0" timestamp="2024-04-05T23:05:15 GMT-07:00" skipped="0">
  <testcase classname="workonunittesttool.worksoninvcationandtimepool" name="run" time="5.768"/>
  <system-out/>
  <testcase classname="workonunittesttool.worksoninvcationandtimepool" name="run" time="5.700"/>
  <system-out/>
</testsuite> <!-- workonunittesttool.worksoninvcationandtimepool -->
