<?xml version="1.0" encoding="UTF-8"?>
<!-- Generated by org.testng.reporters.JUnitReportReporter -->
<testsuite hostname="DESKTOP-Q4C4NUA" failures="0" tests="2" name="workonunittesttool.workontimeout" time="10.587" errors="0" timestamp="2024-04-05T22:50:12 GMT-07:00" skipped="0">
  <testcase classname="workonunittesttool.workontimeout" name="run" time="5.280"/>
  <system-out/>
  <testcase classname="workonunittesttool.workontimeout" name="run" time="5.307"/>
  <system-out/>
</testsuite> <!-- workonunittesttool.workontimeout -->
