<?xml version="1.0" encoding="UTF-8"?>
<!-- Generated by org.testng.reporters.JUnitReportReporter -->
<testsuite hostname="DESKTOP-Q4C4NUA" failures="0" tests="1" name="testscript.tolanch_maybelline" time="6.978" errors="0" timestamp="2024-04-08T01:07:53 GMT-07:00" skipped="0">
  <testcase classname="testscript.tolanch_maybelline" name="maybe" time="6.978"/>
  <system-out/>
</testsuite> <!-- testscript.tolanch_maybelline -->
