<?xml version="1.0" encoding="UTF-8"?>
<!-- Generated by org.testng.reporters.JUnitReportReporter -->
<testsuite hostname="DESKTOP-Q4C4NUA" failures="0" tests="1" name="testscript.tolanch_lakme" time="17.835" errors="0" timestamp="2024-04-08T01:07:53 GMT-07:00" skipped="0">
  <testcase classname="testscript.tolanch_lakme" name="lakme" time="17.835"/>
  <system-out/>
</testsuite> <!-- testscript.tolanch_lakme -->
