<?xml version="1.0" encoding="UTF-8"?>
<!-- Generated by org.testng.reporters.JUnitReportReporter -->
<testsuite hostname="DESKTOP-Q4C4NUA" failures="0" tests="1" name="testng_project.userabletoemailproductlink" time="10.518" errors="0" timestamp="2024-04-14T09:39:16 GMT-07:00" skipped="0">
  <testcase classname="testng_project.userabletoemailproductlink" name="method" time="10.518"/>
  <system-out>
    <![CDATA[user able to click on whishlist
niharikameka1998@gmail.com]]>
  </system-out>
</testsuite> <!-- testng_project.userabletoemailproductlink -->
