<?xml version="1.0" encoding="UTF-8"?>
<!-- Generated by org.testng.reporters.JUnitReportReporter -->
<testsuite hostname="DESKTOP-Q4C4NUA" failures="0" tests="1" name="testng_project.tc_demo_test" time="8.338" errors="0" timestamp="2024-04-13T07:12:45 GMT-07:00" skipped="0">
  <testcase classname="testng_project.tc_demo_test" name="varifyThatUserIsAbleToClickOnwishlist" time="8.338"/>
  <system-out>
    <![CDATA[User is able to click on wishlist]]>
  </system-out>
</testsuite> <!-- testng_project.tc_demo_test -->
