<?xml version="1.0" encoding="UTF-8"?>
<!-- Generated by org.testng.reporters.JUnitReportReporter -->
<testsuite hostname="DESKTOP-Q4C4NUA" failures="0" tests="1" name="utility.readdatafromexcelsingledocumentcellvalue" time="10.830" errors="0" timestamp="2024-04-16T22:32:02 GMT-07:00" skipped="0">
  <testcase classname="utility.readdatafromexcelsingledocumentcellvalue" name="run" time="10.830"/>
  <system-out/>
</testsuite> <!-- utility.readdatafromexcelsingledocumentcellvalue -->
