<?xml version="1.0" encoding="UTF-8"?>
<!-- Generated by org.testng.reporters.JUnitReportReporter -->
<testsuite hostname="DESKTOP-Q4C4NUA" failures="0" tests="1" name="utility.readthedatafrompro" time="7.504" errors="0" timestamp="2024-04-16T06:34:04 GMT-07:00" skipped="0">
  <testcase classname="utility.readthedatafrompro" name="demoweb" time="7.504"/>
  <system-out/>
</testsuite> <!-- utility.readthedatafrompro -->
