<?xml version="1.0" encoding="UTF-8"?>
<!-- Generated by org.testng.reporters.JUnitReportReporter -->
<testsuite hostname="DESKTOP-Q4C4NUA" failures="0" tests="5" name="workonunittesttool.workingwithmultiplelogindada" time="66.422" errors="0" timestamp="2024-04-14T23:20:57 GMT-07:00" skipped="0">
  <testcase classname="workonunittesttool.workingwithmultiplelogindada" name="registerUser" time="13.444"/>
  <system-out/>
  <testcase classname="workonunittesttool.workingwithmultiplelogindada" name="registerUser" time="12.996"/>
  <system-out/>
  <testcase classname="workonunittesttool.workingwithmultiplelogindada" name="registerUser" time="14.164"/>
  <system-out/>
  <testcase classname="workonunittesttool.workingwithmultiplelogindada" name="registerUser" time="12.568"/>
  <system-out/>
  <testcase classname="workonunittesttool.workingwithmultiplelogindada" name="registerUser" time="13.250"/>
  <system-out/>
</testsuite> <!-- workonunittesttool.workingwithmultiplelogindada -->
