<?xml version="1.0" encoding="UTF-8"?>
<!-- Generated by org.testng.reporters.JUnitReportReporter -->
<testsuite hostname="DESKTOP-Q4C4NUA" failures="0" tests="1" name="utility.readdatafromrow" time="9.769" errors="0" timestamp="2024-04-17T22:29:25 GMT-07:00" skipped="0">
  <testcase classname="utility.readdatafromrow" name="run" time="9.769"/>
  <system-out/>
</testsuite> <!-- utility.readdatafromrow -->
