<?xml version="1.0" encoding="UTF-8"?>
<!-- Generated by org.testng.reporters.JUnitReportReporter -->
<testsuite hostname="DESKTOP-Q4C4NUA" failures="0" tests="5" name="workonunittesttool.buytheproduct" time="0.026" errors="0" timestamp="2024-04-04T21:58:50 GMT-07:00" skipped="0">
  <testcase classname="workonunittesttool.buytheproduct" name="search" time="0.015"/>
  <system-out/>
  <testcase classname="workonunittesttool.buytheproduct" name="selectproduct" time="0.002"/>
  <system-out/>
  <testcase classname="workonunittesttool.buytheproduct" name="payment" time="0.002"/>
  <system-out/>
  <testcase classname="workonunittesttool.buytheproduct" name="registration" time="0.004"/>
  <system-out/>
  <testcase classname="workonunittesttool.buytheproduct" name="login" time="0.003"/>
  <system-out/>
</testsuite> <!-- workonunittesttool.buytheproduct -->
