<?xml version="1.0" encoding="UTF-8"?>
<!-- Generated by org.testng.reporters.JUnitReportReporter -->
<testsuite hostname="DESKTOP-Q4C4NUA" failures="0" tests="5" name="utility.readmultipuldata" time="53.060" errors="0" timestamp="2024-04-17T23:13:45 GMT-07:00" skipped="0">
  <testcase classname="utility.readmultipuldata" name="run" time="12.214"/>
  <system-out/>
  <testcase classname="utility.readmultipuldata" name="run" time="10.097"/>
  <system-out/>
  <testcase classname="utility.readmultipuldata" name="run" time="10.380"/>
  <system-out/>
  <testcase classname="utility.readmultipuldata" name="run" time="9.597"/>
  <system-out/>
  <testcase classname="utility.readmultipuldata" name="run" time="10.772"/>
  <system-out/>
</testsuite> <!-- utility.readmultipuldata -->
