<?xml version="1.0" encoding="UTF-8"?>
<!-- Generated by org.testng.reporters.JUnitReportReporter -->
<testsuite hostname="DESKTOP-Q4C4NUA" failures="0" tests="2" name="workonunittesttool.worksonchronological" time="0.013" errors="0" timestamp="2024-04-05T23:19:19 GMT-07:00" skipped="0">
  <testcase classname="workonunittesttool.worksonchronological" name="test1" time="0.003"/>
  <system-out/>
  <testcase classname="workonunittesttool.worksonchronological" name="test" time="0.010"/>
  <system-out/>
</testsuite> <!-- workonunittesttool.worksonchronological -->
