<?xml version="1.0" encoding="UTF-8"?>
<!-- Generated by org.testng.reporters.JUnitReportReporter -->
<testsuite hostname="DESKTOP-Q4C4NUA" failures="0" tests="1" name="workonunittesttool.workingwithcrossbroswer" time="13.283" errors="0" timestamp="2024-04-10T00:37:15 GMT-07:00" skipped="0">
  <testcase classname="workonunittesttool.workingwithcrossbroswer" name="broswetest" time="13.283"/>
  <system-out/>
</testsuite> <!-- workonunittesttool.workingwithcrossbroswer -->
