<?xml version="1.0" encoding="UTF-8"?>
<!-- Generated by org.testng.reporters.JUnitReportReporter -->
<testsuite hostname="DESKTOP-Q4C4NUA" failures="0" tests="1" name="workingwithpom.pomimplements" time="3.035" errors="0" timestamp="2024-04-15T22:59:40 GMT-07:00" skipped="0">
  <testcase classname="workingwithpom.pomimplements" name="implement" time="3.035"/>
  <system-out/>
</testsuite> <!-- workingwithpom.pomimplements -->
