<?xml version="1.0" encoding="UTF-8"?>
<!-- Generated by org.testng.reporters.JUnitReportReporter -->
<testsuite hostname="DESKTOP-Q4C4NUA" failures="0" tests="5" name="workonunittesttool.workingondependsonmethod" time="0.015" errors="0" timestamp="2024-04-05T22:20:27 GMT-07:00" skipped="0">
  <testcase classname="workonunittesttool.workingondependsonmethod" name="Payment" time="0.012"/>
  <system-out/>
  <testcase classname="workonunittesttool.workingondependsonmethod" name="registration" time="0.001"/>
  <system-out/>
  <testcase classname="workonunittesttool.workingondependsonmethod" name="login" time="0.001"/>
  <system-out/>
  <testcase classname="workonunittesttool.workingondependsonmethod" name="search" time="0.000"/>
  <system-out/>
  <testcase classname="workonunittesttool.workingondependsonmethod" name="selectproduct" time="0.001"/>
  <system-out/>
</testsuite> <!-- workonunittesttool.workingondependsonmethod -->
