<?xml version="1.0" encoding="UTF-8"?>
<!-- Generated by org.testng.reporters.JUnitReportReporter -->
<testsuite hostname="DESKTOP-Q4C4NUA" failures="0" tests="1" name="workonunittesttool.workingonscreenshot" time="8.986" errors="0" timestamp="2024-04-14T05:45:58 GMT-07:00" skipped="0">
  <testcase classname="workonunittesttool.workingonscreenshot" name="login" time="8.986"/>
  <system-out/>
</testsuite> <!-- workonunittesttool.workingonscreenshot -->
