<?xml version="1.0" encoding="UTF-8"?>
<!-- Generated by org.testng.reporters.JUnitReportReporter -->
<testsuite hostname="DESKTOP-Q4C4NUA" failures="0" tests="1" name="testscript.tolanch_apple" time="12.324" errors="0" timestamp="2024-04-08T01:08:19 GMT-07:00" skipped="0">
  <testcase classname="testscript.tolanch_apple" name="apple" time="12.324"/>
  <system-out/>
</testsuite> <!-- testscript.tolanch_apple -->
